[0809/124225.510:ERROR:audio_rtp_receiver.cc(89)] AudioRtpReceiver::OnSetVolume: No audio channel exists.
[0809/124225.516:WARNING:used_ids.h(55)] Duplicate id found. Reassigning from 104 to 127
[0809/124225.516:WARNING:used_ids.h(55)] Duplicate id found. Reassigning from 102 to 125
[0809/124225.516:WARNING:used_ids.h(55)] Duplicate id found. Reassigning from 104 to 124
[0809/124225.516:WARNING:used_ids.h(55)] Duplicate id found. Reassigning from 106 to 123
[0809/124225.531:WARNING:used_ids.h(55)] Duplicate id found. Reassigning from 103 to 122
[0809/124225.532:WARNING:used_ids.h(55)] Duplicate id found. Reassigning from 105 to 121
[0809/124225.532:WARNING:used_ids.h(55)] Duplicate id found. Reassigning from 109 to 120
[0809/124225.533:WARNING:used_ids.h(55)] Duplicate id found. Reassigning from 1 to 14
[0809/124225.533:WARNING:used_ids.h(55)] Duplicate id found. Reassigning from 3 to 13
[0809/124225.533:WARNING:used_ids.h(55)] Duplicate id found. Reassigning from 5 to 12
[0809/124225.534:WARNING:used_ids.h(55)] Duplicate id found. Reassigning from 6 to 11
[0809/124235.929:WARNING:used_ids.h(55)] Duplicate id found. Reassigning from 104 to 127
[0809/124235.929:WARNING:used_ids.h(55)] Duplicate id found. Reassigning from 102 to 125
[0809/124235.929:WARNING:used_ids.h(55)] Duplicate id found. Reassigning from 104 to 124
[0809/124235.929:WARNING:used_ids.h(55)] Duplicate id found. Reassigning from 106 to 123
[0809/124235.931:WARNING:used_ids.h(55)] Duplicate id found. Reassigning from 103 to 122
[0809/124235.931:WARNING:used_ids.h(55)] Duplicate id found. Reassigning from 105 to 121
[0809/124235.931:WARNING:used_ids.h(55)] Duplicate id found. Reassigning from 109 to 120
[0809/124235.931:WARNING:used_ids.h(55)] Duplicate id found. Reassigning from 1 to 14
[0809/124235.931:WARNING:used_ids.h(55)] Duplicate id found. Reassigning from 3 to 13
[0809/124235.931:WARNING:used_ids.h(55)] Duplicate id found. Reassigning from 5 to 12
[0809/124235.931:WARNING:used_ids.h(55)] Duplicate id found. Reassigning from 6 to 11
[0809/124235.932:ERROR:audio_rtp_receiver.cc(89)] AudioRtpReceiver::OnSetVolume: No audio channel exists.
[0809/124243.950:ERROR:audio_rtp_receiver.cc(89)] AudioRtpReceiver::OnSetVolume: No audio channel exists.
[0809/124243.950:WARNING:used_ids.h(55)] Duplicate id found. Reassigning from 104 to 127
[0809/124243.950:WARNING:used_ids.h(55)] Duplicate id found. Reassigning from 102 to 125
[0809/124243.950:WARNING:used_ids.h(55)] Duplicate id found. Reassigning from 104 to 124
[0809/124243.950:WARNING:used_ids.h(55)] Duplicate id found. Reassigning from 106 to 123
[0809/124243.950:WARNING:used_ids.h(55)] Duplicate id found. Reassigning from 103 to 122
[0809/124243.950:WARNING:used_ids.h(55)] Duplicate id found. Reassigning from 105 to 121
[0809/124243.950:WARNING:used_ids.h(55)] Duplicate id found. Reassigning from 109 to 120
[0809/124243.950:WARNING:used_ids.h(55)] Duplicate id found. Reassigning from 1 to 14
[0809/124243.950:WARNING:used_ids.h(55)] Duplicate id found. Reassigning from 3 to 13
[0809/124243.950:WARNING:used_ids.h(55)] Duplicate id found. Reassigning from 5 to 12
[0809/124243.950:WARNING:used_ids.h(55)] Duplicate id found. Reassigning from 6 to 11
[0809/124249.149:WARNING:used_ids.h(55)] Duplicate id found. Reassigning from 104 to 127
[0809/124249.149:WARNING:used_ids.h(55)] Duplicate id found. Reassigning from 102 to 125
[0809/124249.149:WARNING:used_ids.h(55)] Duplicate id found. Reassigning from 104 to 124
[0809/124249.149:WARNING:used_ids.h(55)] Duplicate id found. Reassigning from 106 to 123
[0809/124249.149:WARNING:used_ids.h(55)] Duplicate id found. Reassigning from 103 to 122
[0809/124249.149:WARNING:used_ids.h(55)] Duplicate id found. Reassigning from 105 to 121
[0809/124249.149:WARNING:used_ids.h(55)] Duplicate id found. Reassigning from 109 to 120
[0809/124249.149:WARNING:used_ids.h(55)] Duplicate id found. Reassigning from 1 to 14
[0809/124249.149:WARNING:used_ids.h(55)] Duplicate id found. Reassigning from 3 to 13
[0809/124249.149:WARNING:used_ids.h(55)] Duplicate id found. Reassigning from 5 to 12
[0809/124249.149:WARNING:used_ids.h(55)] Duplicate id found. Reassigning from 6 to 11
[0809/124249.150:ERROR:audio_rtp_receiver.cc(89)] AudioRtpReceiver::OnSetVolume: No audio channel exists.
[0809/124301.234:WARNING:used_ids.h(55)] Duplicate id found. Reassigning from 104 to 127
[0809/124301.234:WARNING:used_ids.h(55)] Duplicate id found. Reassigning from 102 to 125
[0809/124301.234:WARNING:used_ids.h(55)] Duplicate id found. Reassigning from 104 to 124
[0809/124301.234:WARNING:used_ids.h(55)] Duplicate id found. Reassigning from 106 to 123
[0809/124301.234:WARNING:used_ids.h(55)] Duplicate id found. Reassigning from 103 to 122
[0809/124301.234:WARNING:used_ids.h(55)] Duplicate id found. Reassigning from 105 to 121
[0809/124301.234:WARNING:used_ids.h(55)] Duplicate id found. Reassigning from 109 to 120
[0809/124301.234:WARNING:used_ids.h(55)] Duplicate id found. Reassigning from 1 to 14
[0809/124301.234:WARNING:used_ids.h(55)] Duplicate id found. Reassigning from 3 to 13
[0809/124301.234:WARNING:used_ids.h(55)] Duplicate id found. Reassigning from 5 to 12
[0809/124301.234:WARNING:used_ids.h(55)] Duplicate id found. Reassigning from 6 to 11
[0809/124301.235:ERROR:audio_rtp_receiver.cc(89)] AudioRtpReceiver::OnSetVolume: No audio channel exists.
[0809/124307.175:WARNING:used_ids.h(55)] Duplicate id found. Reassigning from 104 to 127
[0809/124307.175:WARNING:used_ids.h(55)] Duplicate id found. Reassigning from 102 to 125
[0809/124307.175:WARNING:used_ids.h(55)] Duplicate id found. Reassigning from 104 to 124
[0809/124307.175:WARNING:used_ids.h(55)] Duplicate id found. Reassigning from 106 to 123
[0809/124307.175:WARNING:used_ids.h(55)] Duplicate id found. Reassigning from 103 to 122
[0809/124307.175:WARNING:used_ids.h(55)] Duplicate id found. Reassigning from 105 to 121
[0809/124307.175:WARNING:used_ids.h(55)] Duplicate id found. Reassigning from 109 to 120
[0809/124307.175:WARNING:used_ids.h(55)] Duplicate id found. Reassigning from 1 to 14
[0809/124307.175:WARNING:used_ids.h(55)] Duplicate id found. Reassigning from 3 to 13
[0809/124307.175:WARNING:used_ids.h(55)] Duplicate id found. Reassigning from 5 to 12
[0809/124307.175:WARNING:used_ids.h(55)] Duplicate id found. Reassigning from 6 to 11
[0809/124307.175:ERROR:audio_rtp_receiver.cc(89)] AudioRtpReceiver::OnSetVolume: No audio channel exists.
[0809/124500.120:WARNING:used_ids.h(55)] Duplicate id found. Reassigning from 104 to 127
[0809/124500.121:WARNING:used_ids.h(55)] Duplicate id found. Reassigning from 102 to 125
[0809/124500.121:WARNING:used_ids.h(55)] Duplicate id found. Reassigning from 104 to 124
[0809/124500.121:WARNING:used_ids.h(55)] Duplicate id found. Reassigning from 106 to 123
[0809/124500.121:WARNING:used_ids.h(55)] Duplicate id found. Reassigning from 103 to 122
[0809/124500.121:WARNING:used_ids.h(55)] Duplicate id found. Reassigning from 105 to 121
[0809/124500.121:WARNING:used_ids.h(55)] Duplicate id found. Reassigning from 109 to 120
[0809/124500.121:WARNING:used_ids.h(55)] Duplicate id found. Reassigning from 1 to 14
[0809/124500.121:WARNING:used_ids.h(55)] Duplicate id found. Reassigning from 3 to 13
[0809/124500.121:WARNING:used_ids.h(55)] Duplicate id found. Reassigning from 5 to 12
[0809/124500.121:WARNING:used_ids.h(55)] Duplicate id found. Reassigning from 6 to 11
[0809/124500.121:ERROR:audio_rtp_receiver.cc(89)] AudioRtpReceiver::OnSetVolume: No audio channel exists.
[0809/124511.965:WARNING:used_ids.h(55)] Duplicate id found. Reassigning from 104 to 127
[0809/124511.965:WARNING:used_ids.h(55)] Duplicate id found. Reassigning from 102 to 125
[0809/124511.965:WARNING:used_ids.h(55)] Duplicate id found. Reassigning from 104 to 124
[0809/124511.965:WARNING:used_ids.h(55)] Duplicate id found. Reassigning from 106 to 123
[0809/124511.965:WARNING:used_ids.h(55)] Duplicate id found. Reassigning from 103 to 122
[0809/124511.965:WARNING:used_ids.h(55)] Duplicate id found. Reassigning from 105 to 121
[0809/124511.965:WARNING:used_ids.h(55)] Duplicate id found. Reassigning from 109 to 120
[0809/124511.965:WARNING:used_ids.h(55)] Duplicate id found. Reassigning from 1 to 14
[0809/124511.966:WARNING:used_ids.h(55)] Duplicate id found. Reassigning from 3 to 13
[0809/124511.966:WARNING:used_ids.h(55)] Duplicate id found. Reassigning from 5 to 12
[0809/124511.966:WARNING:used_ids.h(55)] Duplicate id found. Reassigning from 6 to 11
[0809/124511.966:ERROR:audio_rtp_receiver.cc(89)] AudioRtpReceiver::OnSetVolume: No audio channel exists.
[0809/124521.720:ERROR:batching_media_log.cc(38)] MediaEvent: {"error":"FFmpegDemuxer: no supported streams"}
[0809/124521.720:ERROR:batching_media_log.cc(35)] MediaEvent: {"pipeline_error":14}
[0809/124521.776:ERROR:batching_media_log.cc(38)] MediaEvent: {"error":"FFmpegDemuxer: no supported streams"}
[0809/124521.776:ERROR:batching_media_log.cc(35)] MediaEvent: {"pipeline_error":14}
[0809/124522.030:WARNING:spdy_session.cc(3365)] Received HEADERS for invalid stream 111
